2015-03-28 13:40:24.995 HelloWorld[1854:32961] DiskCookieStorage changing policy from 2 to 0, cookie file: file:///Users/jueyang/Library/Developer/CoreSimulator/Devices/DBE4C5AA-BE8F-414E-8A24-3D6349312FDD/data/Containers/Data/Application/1A973737-4304-4EBF-AB9E-23D69BEABBC7/Library/Cookies/Cookies.binarycookies
2015-03-28 13:40:25.318 HelloWorld[1854:32961] Apache Cordova native platform version 3.8.0 is starting.
2015-03-28 13:40:25.319 HelloWorld[1854:32961] Multi-tasking -> Device: YES, App: YES
2015-03-28 13:40:25.338 HelloWorld[1854:32961] Unlimited access to network resources
2015-03-28 13:40:25.350 HelloWorld[1854:32961] 

Started backup to iCloud! Please be careful.
Your application might be rejected by Apple if you store too much data.
For more information please read "iOS Data Storage Guidelines" at:
https://developer.apple.com/icloud/documentation/data-storage/
To disable web storage backup to iCloud, set the BackupWebStorage preference to "local" in the Cordova config.xml file

2015-03-28 13:40:26.560 HelloWorld[1854:32961] Resetting plugins due to page load.
2015-03-28 13:40:26.748 HelloWorld[1854:32961] Finished load of: file:///Users/jueyang/Library/Developer/CoreSimulator/Devices/DBE4C5AA-BE8F-414E-8A24-3D6349312FDD/data/Containers/Bundle/Application/4D4B8A96-84AF-48B1-A820-8F2251F0FEAC/HelloWorld.app/www/index.html
2015-03-28 13:40:56.398 HelloWorld[1901:33579] DiskCookieStorage changing policy from 2 to 0, cookie file: file:///Users/jueyang/Library/Developer/CoreSimulator/Devices/DBE4C5AA-BE8F-414E-8A24-3D6349312FDD/data/Containers/Data/Application/03ABCC98-6246-4007-9F22-433AC2750D30/Library/Cookies/Cookies.binarycookies
2015-03-28 13:40:56.509 HelloWorld[1901:33579] Apache Cordova native platform version 3.8.0 is starting.
2015-03-28 13:40:56.509 HelloWorld[1901:33579] Multi-tasking -> Device: YES, App: YES
2015-03-28 13:40:56.511 HelloWorld[1901:33579] Unlimited access to network resources
2015-03-28 13:40:56.513 HelloWorld[1901:33579] 

Started backup to iCloud! Please be careful.
Your application might be rejected by Apple if you store too much data.
For more information please read "iOS Data Storage Guidelines" at:
https://developer.apple.com/icloud/documentation/data-storage/
To disable web storage backup to iCloud, set the BackupWebStorage preference to "local" in the Cordova config.xml file

2015-03-28 13:40:56.758 HelloWorld[1901:33579] Resetting plugins due to page load.
2015-03-28 13:40:56.820 HelloWorld[1901:33579] Finished load of: file:///Users/jueyang/Library/Developer/CoreSimulator/Devices/DBE4C5AA-BE8F-414E-8A24-3D6349312FDD/data/Containers/Bundle/Application/2BFEBC03-15D2-405B-9CEB-766D30D3E779/HelloWorld.app/www/index.html
